c:\users\pc\desktop\doan - ctdl & giaithuat - nhom 4\doangiaithuat\duangiaithuat\debug\atm.obj
c:\users\pc\desktop\doan - ctdl & giaithuat - nhom 4\doangiaithuat\duangiaithuat\debug\vc100.pdb
c:\users\pc\desktop\doan - ctdl & giaithuat - nhom 4\doangiaithuat\debug\duangiaithuat.ilk
c:\users\pc\desktop\doan - ctdl & giaithuat - nhom 4\doangiaithuat\debug\duangiaithuat.exe
c:\users\pc\desktop\doan - ctdl & giaithuat - nhom 4\doangiaithuat\duangiaithuat\debug\duangiaithuat.exe.intermediate.manifest
c:\users\pc\desktop\doan - ctdl & giaithuat - nhom 4\doangiaithuat\debug\duangiaithuat.pdb
c:\users\admin\desktop\clone_oop_c++\doanatm - demo\doangiaithuat\duangiaithuat\debug\vc142.pdb
c:\users\admin\desktop\clone_oop_c++\doanatm - demo\doangiaithuat\duangiaithuat\debug\vc142.idb
c:\users\admin\desktop\clone_oop_c++\doanatm - demo\doangiaithuat\duangiaithuat\debug\atm.obj
c:\users\admin\desktop\clone_oop_c++\doanatm - demo\oop atm\duangiaithuat\debug\vc142.pdb
c:\users\admin\desktop\clone_oop_c++\doanatm - demo\oop atm\duangiaithuat\debug\vc142.idb
c:\users\admin\desktop\clone_oop_c++\doanatm - demo\oop atm\duangiaithuat\debug\atm.obj
c:\users\admin\desktop\clone_oop_c++\doanatm - demo\doangiaithuat\debug\atm machine.ilk
c:\users\admin\desktop\clone_oop_c++\doanatm - demo\doangiaithuat\debug\atm machine.exe
c:\users\admin\desktop\clone_oop_c++\doanatm - demo\doangiaithuat\debug\atm machine.pdb
c:\users\admin\desktop\clone_oop_c++\doanatm - demo\oop atm\debug\atm machine.exe
c:\users\admin\desktop\clone_oop_c++\doanatm - demo\oop atm\debug\atm machine.ilk
c:\users\admin\desktop\clone_oop_c++\doanatm - demo\oop atm\debug\atm machine.pdb
c:\users\admin\desktop\clone_oop_c++\doanatm - demo\oop atm\duangiaithuat\debug\duangiaithuat.vcxprojresolveassemblyreference.cache
c:\users\admin\desktop\clone_oop_c++\doanatm - demo\oop atm\duangiaithuat\debug\cl.command.1.tlog
c:\users\admin\desktop\clone_oop_c++\doanatm - demo\oop atm\duangiaithuat\debug\cl.read.1.tlog
c:\users\admin\desktop\clone_oop_c++\doanatm - demo\oop atm\duangiaithuat\debug\cl.write.1.tlog
c:\users\admin\desktop\clone_oop_c++\doanatm - demo\oop atm\duangiaithuat\debug\duangiaithuat.write.1.tlog
c:\users\admin\desktop\clone_oop_c++\doanatm - demo\oop atm\duangiaithuat\debug\link.command.1.tlog
c:\users\admin\desktop\clone_oop_c++\doanatm - demo\oop atm\duangiaithuat\debug\link.read.1.tlog
c:\users\admin\desktop\clone_oop_c++\doanatm - demo\oop atm\duangiaithuat\debug\link.write.1.tlog
c:\users\admin\desktop\clone_oop_c++\doanatm - demo\oop atm\duangiaithuat\debug\mt.command.1.tlog
c:\users\admin\desktop\clone_oop_c++\doanatm - demo\oop atm\duangiaithuat\debug\mt.read.1.tlog
c:\users\admin\desktop\clone_oop_c++\doanatm - demo\oop atm\duangiaithuat\debug\mt.write.1.tlog
c:\users\admin\desktop\clone_oop_c++\doanatm - demo\oop atm\duangiaithuat\debug\vc100.idb
c:\users\admin\desktop\clone_oop_c++\doanatm - demo\oop atm\duangiaithuat\debug\vc100.pdb
c:\users\admin\desktop\clone_oop_c++\doanatm - demo\oop atm\duangiaithuat\debug\duangiaithuat.exe.intermediate.manifest.xml
c:\users\admin\desktop\clone_oop_c++\doanatm - demo\oop atm\duangiaithuat\debug\atm machine.tlog\cl.command.1.tlog
c:\users\admin\desktop\clone_oop_c++\doanatm - demo\oop atm\duangiaithuat\debug\atm machine.tlog\cl.read.1.tlog
c:\users\admin\desktop\clone_oop_c++\doanatm - demo\oop atm\duangiaithuat\debug\atm machine.tlog\cl.write.1.tlog
c:\users\admin\desktop\clone_oop_c++\doanatm - demo\oop atm\duangiaithuat\debug\atm machine.tlog\link.command.1.tlog
c:\users\admin\desktop\clone_oop_c++\doanatm - demo\oop atm\duangiaithuat\debug\atm machine.tlog\link.read.1.tlog
c:\users\admin\desktop\clone_oop_c++\doanatm - demo\oop atm\duangiaithuat\debug\atm machine.tlog\link.write.1.tlog
