C:\Program Files (x86)\Microsoft Visual Studio\2019\Community\MSBuild\Microsoft\VC\v160\Microsoft.CppBuild.targets(452,5): warning MSB8028: The intermediate directory (Debug\) contains files shared from another project (DuAnGiaiThuat.vcxproj).  This can lead to incorrect clean and rebuild behavior.
  ATM.cpp
C:\Users\admin\Desktop\OOP ATM\DuAnGiaiThuat\ATM.cpp(163,13): warning C4129:  'I': unrecognized character escape sequence
C:\Users\admin\Desktop\OOP ATM\DuAnGiaiThuat\ATM.cpp(167,13): warning C4129:  'I': unrecognized character escape sequence
C:\Users\admin\Desktop\OOP ATM\DuAnGiaiThuat\ATM.cpp(180,1): warning C4996:  'getch': The POSIX name for this item is deprecated. Instead, use the ISO C and C++ conformant name: _getch. See online help for details.
C:\Program Files (x86)\Windows Kits\10\Include\10.0.17763.0\ucrt\conio.h(453): message :  see declaration of 'getch'
C:\Users\admin\Desktop\OOP ATM\DuAnGiaiThuat\ATM.cpp(206,1): warning C4996:  'localtime': This function or variable may be unsafe. Consider using localtime_s instead. To disable deprecation, use _CRT_SECURE_NO_WARNINGS. See online help for details.
C:\Program Files (x86)\Windows Kits\10\Include\10.0.17763.0\ucrt\time.h(506): message :  see declaration of 'localtime'
C:\Users\admin\Desktop\OOP ATM\DuAnGiaiThuat\ATM.cpp(260,12): warning C4129:  'L': unrecognized character escape sequence
C:\Users\admin\Desktop\OOP ATM\DuAnGiaiThuat\ATM.cpp(258,1): warning C4996:  'localtime': This function or variable may be unsafe. Consider using localtime_s instead. To disable deprecation, use _CRT_SECURE_NO_WARNINGS. See online help for details.
C:\Program Files (x86)\Windows Kits\10\Include\10.0.17763.0\ucrt\time.h(506): message :  see declaration of 'localtime'
C:\Users\admin\Desktop\OOP ATM\DuAnGiaiThuat\ATM.cpp(572,3): warning C4102:  'dd': unreferenced label
C:\Users\admin\Desktop\OOP ATM\DuAnGiaiThuat\ATM.cpp(599,1): warning C4996:  'localtime': This function or variable may be unsafe. Consider using localtime_s instead. To disable deprecation, use _CRT_SECURE_NO_WARNINGS. See online help for details.
C:\Program Files (x86)\Windows Kits\10\Include\10.0.17763.0\ucrt\time.h(506): message :  see declaration of 'localtime'
C:\Users\admin\Desktop\OOP ATM\DuAnGiaiThuat\ATM.cpp(876,61): warning C4244:  '=': conversion from 'float' to 'unsigned int', possible loss of data
C:\Users\admin\Desktop\OOP ATM\DuAnGiaiThuat\ATM.cpp(986,12): warning C4129:  'L': unrecognized character escape sequence
C:\Users\admin\Desktop\OOP ATM\DuAnGiaiThuat\ATM.cpp(1116,11): warning C4018:  '<': signed/unsigned mismatch
C:\Users\admin\Desktop\OOP ATM\DuAnGiaiThuat\ATM.cpp(1217,12): warning C4129:  ' ': unrecognized character escape sequence
C:\Users\admin\Desktop\OOP ATM\DuAnGiaiThuat\ATM.cpp(1222,12): warning C4129:  ' ': unrecognized character escape sequence
C:\Users\admin\Desktop\OOP ATM\DuAnGiaiThuat\ATM.cpp(1227,12): warning C4129:  ' ': unrecognized character escape sequence
  DuAnGiaiThuat.vcxproj -> C:\Users\admin\Desktop\OOP ATM\Debug\ATM Machine.exe
